<?xml version="1.0" encoding="UTF-8"?>
<testsuites xmlns="http://www.w3.org/1999/xhtml" time="51.95">
    <testsuite name="User name present infront of Notebook title" tests="4" failures="0" errors="0" time="51.95"
               timestamp="2014-10-06T07:12:57.813Z" package="tc_5.2.12">
        <testcase name="Github page has been loaded" classname="tc_5.2.12" time="17.893"></testcase>
        <testcase name="the element Shareable Link exists" classname="tc_5.2.12" time="18.504"></testcase>
        <testcase name="Logout option exists" classname="tc_5.2.12" time="0.002"></testcase>
        <testcase name="Verified that name of Notebook owner is present infront of the Notebook title"
                  classname="tc_5.2.12" time="15.551"></testcase>
        <system-out></system-out>
    </testsuite>
</testsuites>