<?xml version="1.0" encoding="UTF-8"?><testsuites xmlns="http://www.w3.org/1999/xhtml" time="44.076"><testsuite name="Login to Main page (user is not logged-in to the Github account)" tests="3" failures="0" errors="0" time="44.076" timestamp="2014-10-14T12:09:32.922Z" package="login_logout/tc_1.1.2"><testcase name="Github page has been loaded" classname="login_logout/tc_1.1.2" time="15.319"></testcase><testcase name="the element Shareable Link exists" classname="login_logout/tc_1.1.2" time="28.755"></testcase><testcase name="Logout option exists" classname="login_logout/tc_1.1.2" time="0.002"></testcase><system-out></system-out></testsuite></testsuites>