<?xml version="1.0" encoding="UTF-8"?><testsuites xmlns="http://www.w3.org/1999/xhtml" time="408.101"><testsuite name="Delete only one Notebook-starred" tests="6" failures="0" errors="0" time="114.444" timestamp="2014-10-14T12:38:34.047Z" package="deleting_notebook/tc_5.4.1"><testcase name="Github page has been loaded" classname="deleting_notebook/tc_5.4.1" time="13.77"></testcase><testcase name="the element Shareable Link exists" classname="deleting_notebook/tc_5.4.1" time="29.407"></testcase><testcase name="Logout option exists" classname="deleting_notebook/tc_5.4.1" time="0.004"></testcase><testcase name="No notebooks under Notebooks I starred list" classname="deleting_notebook/tc_5.4.1" time="71.255"></testcase><testcase name="No notebooks under People I starred list" classname="deleting_notebook/tc_5.4.1" time="0.004"></testcase><testcase name="The loaded notebook is in read-only and unforked state" classname="deleting_notebook/tc_5.4.1" time="0.004"></testcase><system-out></system-out></testsuite><testsuite name="Delete only one Notebook-unstarred" tests="6" failures="0" errors="0" time="56.221" timestamp="2014-10-14T12:38:34.049Z" package="deleting_notebook/tc_5.4.2"><testcase name="RCloud Home page already loaded" classname="deleting_notebook/tc_5.4.2" time="6.563"></testcase><testcase name="the element Shareable Link exists" classname="deleting_notebook/tc_5.4.2" time="19.495"></testcase><testcase name="Logout option exists" classname="deleting_notebook/tc_5.4.2" time="0.003"></testcase><testcase name="No notebooks under Notebooks I starred list" classname="deleting_notebook/tc_5.4.2" time="30.155"></testcase><testcase name="No notebooks under People I starred list" classname="deleting_notebook/tc_5.4.2" time="0.002"></testcase><testcase name="The loaded notebook is in read-only and unforked state" classname="deleting_notebook/tc_5.4.2" time="0.003"></testcase><system-out></system-out></testsuite><testsuite name="Delete notebook which is loaded and starred" tests="5" failures="0" errors="0" time="47.614" timestamp="2014-10-14T12:38:34.051Z" package="deleting_notebook/tc_5.4.3"><testcase name="RCloud Home page already loaded" classname="deleting_notebook/tc_5.4.3" time="16.026"></testcase><testcase name="the element Shareable Link exists" classname="deleting_notebook/tc_5.4.3" time="9.477"></testcase><testcase name="Logout option exists" classname="deleting_notebook/tc_5.4.3" time="0.003"></testcase><testcase name="Located the newly created notebook and deleting it" classname="deleting_notebook/tc_5.4.3" time="15.623"></testcase><testcase name="Previously loaded notebook has got loaded" classname="deleting_notebook/tc_5.4.3" time="6.485"></testcase><system-out></system-out></testsuite><testsuite name="Delete notebook which is loaded and unstarred" tests="5" failures="0" errors="0" time="58.145" timestamp="2014-10-14T12:38:34.052Z" package="deleting_notebook/tc_5.4.4"><testcase name="RCloud Home page already loaded" classname="deleting_notebook/tc_5.4.4" time="26.276"></testcase><testcase name="the element Shareable Link exists" classname="deleting_notebook/tc_5.4.4" time="9.485"></testcase><testcase name="Logout option exists" classname="deleting_notebook/tc_5.4.4" time="0.004"></testcase><testcase name="Located the newly created notebook and deleting it" classname="deleting_notebook/tc_5.4.4" time="15.801"></testcase><testcase name="Previously loaded notebook has got loaded" classname="deleting_notebook/tc_5.4.4" time="6.579"></testcase><system-out></system-out></testsuite><testsuite name="Delete notebook which is not loaded and starred" tests="5" failures="0" errors="0" time="67.324" timestamp="2014-10-14T12:38:34.054Z" package="deleting_notebook/tc_5.4.5"><testcase name="RCloud Home page already loaded" classname="deleting_notebook/tc_5.4.5" time="24.895"></testcase><testcase name="the element Shareable Link exists" classname="deleting_notebook/tc_5.4.5" time="9.492"></testcase><testcase name="Logout option exists" classname="deleting_notebook/tc_5.4.5" time="0.003"></testcase><testcase name="Located the newly created notebook" classname="deleting_notebook/tc_5.4.5" time="24.275"></testcase><testcase name="currently loaded notebook is still loaded" classname="deleting_notebook/tc_5.4.5" time="8.659"></testcase><system-out></system-out></testsuite><testsuite name="Delete notebook which is not loaded and unstarred" tests="5" failures="0" errors="0" time="64.353" timestamp="2014-10-14T12:38:34.055Z" package="deleting_notebook/tc_5.4.6"><testcase name="RCloud Home page already loaded" classname="deleting_notebook/tc_5.4.6" time="19.831"></testcase><testcase name="the element Shareable Link exists" classname="deleting_notebook/tc_5.4.6" time="9.485"></testcase><testcase name="Logout option exists" classname="deleting_notebook/tc_5.4.6" time="0.003"></testcase><testcase name="Located the newly created notebook" classname="deleting_notebook/tc_5.4.6" time="24.414"></testcase><testcase name="currently loaded notebook is still loaded" classname="deleting_notebook/tc_5.4.6" time="10.62"></testcase><system-out></system-out></testsuite></testsuites>